make all --print-data-base --no-builtin-variables --no-builtin-rules --question
# GNU Make 4.3
# Built for x86_64-pc-linux-gnu
# Copyright (C) 1988-2020 Free Software Foundation, Inc.
# License GPLv3+: GNU GPL version 3 or later <http://gnu.org/licenses/gpl.html>
# This is free software: you are free to change and redistribute it.
# There is NO WARRANTY, to the extent permitted by law.

# Make data base, printed on Sat Aug 13 14:13:22 2022

# Variables

# environment
GDK_BACKEND = x11
# environment
LC_ALL = C
# environment
NO_AT_BRIDGE = 1
# environment
GNOME_SHELL_SESSION_MODE = ubuntu
# environment
SSH_AGENT_LAUNCHER = gnome-keyring
# environment
SNAP_INSTANCE_KEY = 
# environment
HOMEBREW_PREFIX = /home/linuxbrew/.linuxbrew
# makefile (from 'Makefile', line 19)
MEM_A = ./mem_alloc/
# environment
GJS_DEBUG_OUTPUT = stderr
# environment
MANDATORY_PATH = /usr/share/gconf/ubuntu.mandatory.path
# environment
QT_X11_NO_MITSHM = 1
# environment
VSCODE_CWD = /home/dracken24
# makefile (from 'Makefile', line 25)
GNL = ./gnl/
# environment
WINDOWPATH = 2
# default
 
MAKE_COMMAND := make
# makefile (from 'Makefile', line 24)
ATOI = ./atoitoa/
# environment
QT_ACCESSIBILITY = 1
# automatic
@D = $(patsubst %/,%,$(dir $@))
# environment
SNAP_INSTANCE_NAME = code
# environment
GDK_PIXBUF_MODULEDIR = /snap/code/104/usr/lib/x86_64-linux-gnu/gdk-pixbuf-2.0/2.10.0/loaders
# environment
VSCODE_HANDLES_UNCAUGHT_ERRORS = true
# default
.VARIABLES := 
# environment
PWD = /home/dracken24/Desktop/prog/42_en_cours/minishell/src/libft
# automatic
%D = $(patsubst %/,%,$(dir $%))
# makefile (from 'Makefile', line 21)
STR = ./str/
# environment
LSCOLORS = Gxfxcxdxbxegedabagacad
# environment
XDG_DATA_DIRS = /usr/share/ubuntu:/usr/share/gnome:/usr/local/share/:/usr/share/:/var/lib/snapd/desktop
# environment
OLDPWD = /home/dracken24
# makefile (from 'Makefile', line 23)
IS = ./is/
# automatic
^D = $(patsubst %/,%,$(dir $^))
# automatic
%F = $(notdir $%)
# makefile (from 'Makefile', line 18)
MATH = ./math/
# environment
VSCODE_CODE_CACHE_PATH = /home/dracken24/.config/Code/CachedData/6d9b74a70ca9c7733b29f0456fd8195364076dda
# makefile (from 'Makefile', line 17)
P_OBJS = ./objs/
# environment
LANG = C
# environment
XAUTHORITY = /run/user/1000/gdm/Xauthority
# default
.LOADED := 
# environment
HOMEBREW_REPOSITORY = /home/linuxbrew/.linuxbrew/Homebrew
# default
.INCLUDE_DIRS = /usr/local/include /usr/include /usr/include
# makefile
MAKEFLAGS = pqrR
# makefile
CURDIR := /home/dracken24/Desktop/prog/42_en_cours/minishell/src/libft
# environment
APPLICATION_INSIGHTS_NO_DIAGNOSTIC_CHANNEL = true
# automatic
*D = $(patsubst %/,%,$(dir $*))
# environment
MFLAGS = -pqrR
# environment
SSH_AUTH_SOCK = /run/user/1000/keyring/ssh
# default
.SHELLFLAGS := -c
# makefile (from 'Makefile', line 13)
LIGHT_GREEN = $(shell tput -Txterm setaf 2)
# environment
XDG_CONFIG_DIRS = /etc/xdg/xdg-ubuntu:/etc/xdg
# automatic
+D = $(patsubst %/,%,$(dir $+))
# environment
XDG_SESSION_DESKTOP = ubuntu
# makefile (from 'Makefile', line 1)
MAKEFILE_LIST := Makefile
# environment
SNAP_REEXEC = 
# automatic
@F = $(notdir $@)
# environment
ZSH = /home/dracken24/.oh-my-zsh
# environment
VSCODE_PID = 7401
# environment
XDG_SESSION_TYPE = x11
# automatic
?D = $(patsubst %/,%,$(dir $?))
# environment
BAMF_DESKTOP_FILE_HINT = /var/lib/snapd/desktop/applications/code_code.desktop
# environment
SESSION_MANAGER = local/Dracken24:@/tmp/.ICE-unix/2869,unix/Dracken24:/tmp/.ICE-unix/2869
# automatic
*F = $(notdir $*)
# environment
MANPATH = /home/linuxbrew/.linuxbrew/share/man:
# environment
CHROME_DESKTOP = code-url-handler.desktop
# environment
DBUS_SESSION_BUS_ADDRESS = unix:path=/run/user/1000/bus
# automatic
<D = $(patsubst %/,%,$(dir $<))
# environment
VSCODE_NLS_CONFIG = {"locale":"en-gb","availableLanguages":{},"_languagePackSupport":true}
# default
MAKE_HOST := x86_64-pc-linux-gnu
# makefile (from 'Makefile', line 50)
OBJS = $(patsubst %.c, $(P_OBJS)%.o, $(FILES))
# environment
GNOME_DESKTOP_SESSION_ID = this-is-deprecated
# environment
INFOPATH = /home/linuxbrew/.linuxbrew/share/info:
# makefile
SHELL = /bin/sh
# default
MAKECMDGOALS := all
# environment
XMODIFIERS = @im=ibus
# environment
GJS_DEBUG_TOPICS = JS ERROR;JS LOG
# environment
SHLVL = 0
# environment
MAKELEVEL := 0
# default
MAKE = $(MAKE_COMMAND)
# environment
SNAP_COOKIE = fSKYpYhDKXjiX9W__W9nCBCj5n_I7R-ps2DwHvI_mLnd_pK3KmHQ
# environment
PATH = /home/linuxbrew/.linuxbrew/bin:/home/linuxbrew/.linuxbrew/sbin:/home/dracken24/bin:/usr/local/sbin:/usr/local/bin:/usr/sbin:/usr/bin:/sbin:/bin:/usr/games:/usr/local/games:/snap/bin:/snap/bin
# default
MAKEFILES := 
# environment
LANGUAGE = en_CA:en
# automatic
^F = $(notdir $^)
# environment
SNAP_USER_COMMON = /home/dracken24/snap/code/common
# environment
SNAP = /snap/code/104
# environment
INVOCATION_ID = 33b93e78b442411a94068da87e2a1be1
# environment
SNAP_REVISION = 104
# environment
SNAP_REAL_HOME = /home/dracken24
# environment
USERNAME = dracken24
# makefile (from 'Makefile', line 28)
FILES = $(MATH)ft_ultimate_range.c $(MATH)ft_putnbr.c $(MATH)ft_range.c $(MATH)ft_swap.c $(MATH)ft_rev_int_tab.c $(MATH)ft_nbrlen.c $(MATH)ft_putnbr_fd.c $(MATH)ft_swap.c $(MATH)ft_p_or_imp.c $(MEM_A)ft_bzero.c $(MEM_A)ft_calloc.c $(MEM_A)free_ptr.c $(MEM_A)ft_nbr_ptr.c $(LST)ft_lstmap.c $(LST)ft_lstiter.c $(LST)ft_lstclear.c $(LST)ft_lstdelone.c $(LST)ft_lstadd_back.c $(LST)ft_lstlast.c $(LST)ft_lstsize.c $(LST)ft_lstadd_front.c $(LST)ft_lstnew.c $(STR)ft_strlen.c $(STR)ft_strlcpy.c $(STR)ft_strlcat.c $(STR)ft_strrchr.c $(STR)ft_strncmp.c  $(STR)ft_strnstr.c $(STR)ft_strtrim.c $(STR)ft_strmapi.c $(STR)ft_striteri.c $(STR)ft_strdup.c $(STR)ft_substr.c $(STR)ft_strjoin.c $(STR)ft_tolower.c $(STR)ft_strmapi.c $(STR)ft_striteri.c $(STR)ft_strchr.c $(STR)ft_split.c $(STR)ft_split_cmd.c $(STR)ft_strchr_bool.c $(STR)ft_strcat.c $(STR)ft_toupper.c $(MEM_M)ft_memset.c $(MEM_M)ft_memmove.c $(MEM_M)ft_memcmp.c $(MEM_M)ft_memcpy.c $(IS)ft_isalpha.c $(IS)ft_isdigit.c $(IS)ft_isalnum.c $(IS)ft_isascii.c $(IS)ft_isprint.c $(ATOI)ft_atoi.c $(ATOI)ft_itoa.c $(ATOI)ft_atoi_base.c $(GNL)gnl.c $(GNL)gnl_utils.c $(FD)ft_open_fd_RDWR_CRTR.c $(FD)ft_putchar_fd.c $(FD)ft_putstr_fd.c $(FD)ft_putendl_fd.c $(FD)ft_fd_len.c 
# automatic
?F = $(notdir $?)
# makefile (from 'Makefile', line 55)
NAME = libft.a
# environment
XDG_CURRENT_DESKTOP = Unity
# environment
LS_COLORS = 
# automatic
+F = $(notdir $+)
# environment
LESS = -R
# environment
DESKTOP_SESSION = ubuntu
# environment
ORIGINAL_XDG_CURRENT_DESKTOP = ubuntu:GNOME
# 'override' directive
GNUMAKEFLAGS := 
# environment
LOGNAME = dracken24
# environment
GIO_LAUNCHED_DESKTOP_FILE = /var/lib/snapd/desktop/applications/code_code.desktop
# environment
SNAP_ARCH = amd64
# makefile
.DEFAULT_GOAL := all
# environment
SYSTEMD_EXEC_PID = 2892
# environment
DISPLAY = :1
# environment
USER = dracken24
# environment
GTK_MODULES = gail:atk-bridge
# makefile (from 'Makefile', line 22)
MEM_M = ./mem_move/
# environment
DEFAULTS_PATH = /usr/share/gconf/ubuntu.default.path
# default
MAKE_VERSION := 4.3
# environment
DISABLE_WAYLAND = 1
# environment
SNAP_DATA = /var/snap/code/104
# environment
SNAP_CONTEXT = fSKYpYhDKXjiX9W__W9nCBCj5n_I7R-ps2DwHvI_mLnd_pK3KmHQ
# environment
MANAGERPID = 2145
# environment
HOMEBREW_CELLAR = /home/linuxbrew/.linuxbrew/Cellar
# environment
GIO_LAUNCHED_DESKTOP_FILE_PID = 46166
# environment
PAGER = less
# makefile (from 'Makefile', line 14)
LILAS = $(shell tput -Txterm setaf 5)
# environment
_ = /snap/code/104/usr/share/code/code
# makefile (from 'Makefile', line 15)
RESET = "\033[0m"
# environment
XDG_RUNTIME_DIR = /run/user/1000
# makefile (from 'Makefile', line 53)
CFLAGS = -Wall -Werror -Wextra
# environment
GPG_AGENT_INFO = /run/user/1000/gnupg/S.gpg-agent:0:1
# environment
GDK_PIXBUF_MODULE_FILE = /home/dracken24/snap/code/common/.cache/gdk-pixbuf-loaders.cache
# environment
JOURNAL_STREAM = 8:41459
# environment
XDG_SESSION_CLASS = user
# environment
VSCODE_AMD_ENTRYPOINT = vs/workbench/api/node/extensionHostProcess
# environment
HOME = /home/dracken24
# environment
QT_IM_MODULE = ibus
# environment
ELECTRON_RUN_AS_NODE = 1
# environment
VSCODE_IPC_HOOK = /run/user/1000/vscode-fa98f921-1.70.1-main.sock
# environment
SNAP_NAME = code
# environment
GSETTINGS_SCHEMA_DIR = /snap/code/104/usr/share/glib-2.0/schemas
# makefile (from 'Makefile', line 26)
FD = ./fd/
# default
.RECIPEPREFIX := 
# automatic
<F = $(notdir $<)
# makefile (from 'Makefile', line 20)
LST = ./lst/
# environment
SNAP_VERSION = 6d9b74a7
# default
SUFFIXES := 
# environment
VSCODE_CLI = 1
# environment
ELECTRON_NO_ATTACH_CONSOLE = 1
# environment
SNAP_COMMON = /var/snap/code/common
# default
.FEATURES := target-specific order-only second-expansion else-if shortest-stem undefine oneshell nocomment grouped-target extra-prereqs archives jobserver output-sync check-symlink load
# makefile (from 'Makefile', line 52)
CC = gcc
# environment
SNAP_USER_DATA = /home/dracken24/snap/code/104
# environment
XDG_MENU_PREFIX = gnome-
# environment
GDMSESSION = ubuntu
# environment
SNAP_LIBRARY_PATH = /var/lib/snapd/lib/gl:/var/lib/snapd/lib/gl32:/var/lib/snapd/void
# variable set hash-table stats:
# Load=146/1024=14%, Rehash=0, Collisions=46/252=18%

# Pattern-specific Variable Values

# No pattern-specific variable values.

# Directories

# . (device 66308, inode 2720447): 17 files, no impossibilities.

# 17 files, no impossibilities in 1 directories.

# Implicit Rules

objs/%.o: %.c
#  recipe to execute (from 'Makefile', line 63):
	@mkdir -p $(P_OBJS)
	@mkdir -p $(P_OBJS)math
	@mkdir -p $(P_OBJS)mem_alloc
	@mkdir -p $(P_OBJS)lst
	@mkdir -p $(P_OBJS)str
	@mkdir -p $(P_OBJS)mem_move
	@mkdir -p $(P_OBJS)is
 
	@mkdir -p $(P_OBJS)atoitoa
	@mkdir -p $(P_OBJS)gnl
	@mkdir -p $(P_OBJS)fd
	@$(CC) $(CFLAGS) -c $< -o $@
	@printf "$(LIGHT_GREEN)■"

# 1 implicit rules, 0 (0.0%) terminal.
# Files

# Not a target:
objs/./math/ft_nbrlen.o:
#  Implicit rule search has not been done.
#  Modification time never checked.
#  File has not been updated.

# Not a target:
objs/./str/ft_strlen.o:
#  Implicit rule search has not been done.
#  Modification time never checked.
#  File has not been updated.

# Not a target:
objs/./mem_alloc/ft_nbr_ptr.o:
#  Implicit rule search has not been done.
#  Modification time never checked.
#  File has not been updated.

# Not a target:
objs/./str/ft_strchr_bool.o:
#  Implicit rule search has not been done.
#  Modification time never checked.
#  File has not been updated.

# Not a target:
objs/./fd/ft_open_fd_RDWR_CRTR.o:
#  Implicit rule search has not been done.
#  Modification time never checked.
#  File has not been updated.

# Not a target:
objs/./fd/ft_putendl_fd.o:
#  Implicit rule search has not been done.
#  Modification time never checked.
#  File has not been updated.

# Not a target:
objs/./gnl/gnl.o:
#  Implicit rule search has not been done.
#  Modification time never checked.
#  File has not been updated.

# Not a target:
objs/./str/ft_strncmp.o:
#  Implicit rule search has not been done.
#  Modification time never checked.
#  File has not been updated.

libft.a: msg_in objs/./math/ft_ultimate_range.o objs/./math/ft_putnbr.o objs/./math/ft_range.o objs/./math/ft_swap.o objs/./math/ft_rev_int_tab.o objs/./math/ft_nbrlen.o objs/./math/ft_putnbr_fd.o objs/./math/ft_swap.o objs/./math/ft_p_or_imp.o objs/./mem_alloc/ft_bzero.o objs/./mem_alloc/ft_calloc.o objs/./mem_alloc/free_ptr.o objs/./mem_alloc/ft_nbr_ptr.o objs/./lst/ft_lstmap.o objs/./lst/ft_lstiter.o objs/./lst/ft_lstclear.o objs/./lst/ft_lstdelone.o objs/./lst/ft_lstadd_back.o objs/./lst/ft_lstlast.o objs/./lst/ft_lstsize.o objs/./lst/ft_lstadd_front.o objs/./lst/ft_lstnew.o objs/./str/ft_strlen.o objs/./str/ft_strlcpy.o objs/./str/ft_strlcat.o objs/./str/ft_strrchr.o objs/./str/ft_strncmp.o objs/./str/ft_strnstr.o objs/./str/ft_strtrim.o objs/./str/ft_strmapi.o objs/./str/ft_striteri.o objs/./str/ft_strdup.o objs/./str/ft_substr.o objs/./str/ft_strjoin.o objs/./str/ft_tolower.o objs/./str/ft_strmapi.o objs/./str/ft_striteri.o objs/./str/ft_strchr.o objs/./str/ft_split.o objs/./str/ft_split_cmd.o objs/./str/ft_strchr_bool.o objs/./str/ft_strcat.o objs/./str/ft_toupper.o objs/./mem_move/ft_memset.o objs/./mem_move/ft_memmove.o objs/./mem_move/ft_memcmp.o objs/./mem_move/ft_memcpy.o objs/./is/ft_isalpha.o objs/./is/ft_isdigit.o objs/./is/ft_isalnum.o objs/./is/ft_isascii.o objs/./is/ft_isprint.o objs/./atoitoa/ft_atoi.o objs/./atoitoa/ft_itoa.o objs/./atoitoa/ft_atoi_base.o objs/./gnl/gnl.o objs/./gnl/gnl_utils.o objs/./fd/ft_open_fd_RDWR_CRTR.o objs/./fd/ft_putchar_fd.o objs/./fd/ft_putstr_fd.o objs/./fd/ft_putendl_fd.o objs/./fd/ft_fd_len.o msg_out
#  Implicit rule search has not been done.
#  Last modified 2022-08-13 14:12:10.42771151
#  File has been updated.
#  Needs to be updated (-q is set).
# variable set hash-table stats:
# Load=0/32=0%, Rehash=0, Collisions=0/8=0%
#  recipe to execute (from 'Makefile', line 60):
	@ar -rcs $(NAME) $(OBJS)

# Not a target:
objs/./mem_move/ft_memcpy.o:
#  Implicit rule search has not been done.
#  Modification time never checked.
#  File has not been updated.

# Not a target:
objs/./str/ft_strnstr.o:
#  Implicit rule search has not been done.
#  Modification time never checked.
#  File has not been updated.

# Not a target:
objs/./str/ft_split_cmd.o:
#  Implicit rule search has not been done.
#  Modification time never checked.
#  File has not been updated.

# Not a target:
objs/./gnl/gnl_utils.o:
#  Implicit rule search has not been done.
#  Modification time never checked.
#  File has not been updated.

# Not a target:
objs/./atoitoa/ft_itoa.o:
#  Implicit rule search has not been done.
#  Modification time never checked.
#  File has not been updated.

# Not a target:
objs/./str/ft_toupper.o:
#  Implicit rule search has not been done.
#  Modification time never checked.
#  File has not been updated.

# Not a target:
objs/./str/ft_strlcat.o:
#  Implicit rule search has not been done.
#  Modification time never checked.
#  File has not been updated.

# Not a target:
objs/./str/ft_split.o:
#  Implicit rule search has not been done.
#  Modification time never checked.
#  File has not been updated.

# Not a target:
objs/./str/ft_strdup.o:
#  Implicit rule search has not been done.
#  Modification time never checked.
#  File has not been updated.

# Not a target:
objs/./mem_move/ft_memcmp.o:
#  Implicit rule search has not been done.
#  Modification time never checked.
#  File has not been updated.

# Not a target:
objs/./str/ft_strchr.o:
#  Implicit rule search has not been done.
#  Modification time never checked.
#  File has not been updated.

# Not a target:
objs/./mem_alloc/ft_bzero.o:
#  Implicit rule search has not been done.
#  Modification time never checked.
#  File has not been updated.

# Not a target:
Makefile:
#  Implicit rule search has been done.
#  Last modified 2022-08-13 14:12:07.755738482
#  File has been updated.
#  Successfully updated.

# Not a target:
objs/./mem_alloc/ft_calloc.o:
#  Implicit rule search has not been done.
#  Modification time never checked.
#  File has not been updated.

# Not a target:
objs/./mem_move/ft_memset.o:
#  Implicit rule search has not been done.
#  Modification time never checked.
#  File has not been updated.

# Not a target:
objs/./mem_alloc/free_ptr.o:
#  Implicit rule search has not been done.
#  Modification time never checked.
#  File has not been updated.

msg_out:
#  Implicit rule search has not been done.
#  Modification time never checked.
#  File has not been updated.
#  recipe to execute (from 'Makefile', line 80):
	@echo '\n'$(LIGHT_GREEN)"LIBFT READY FOR NEXT !!!"$(RESET)

# Not a target:
objs/./math/ft_putnbr.o:
#  Implicit rule search has not been done.
#  Modification time never checked.
#  File has not been updated.

# Not a target:
objs/./lst/ft_lstclear.o:
#  Implicit rule search has not been done.
#  Modification time never checked.
#  File has not been updated.

# Not a target:
objs/./str/ft_substr.o:
#  Implicit rule search has not been done.
#  Modification time never checked.
#  File has not been updated.

clean:
#  Phony target (prerequisite of .PHONY).
#  Implicit rule search has not been done.
#  File does not exist.
#  File has not been updated.
#  recipe to execute (from 'Makefile', line 88):
	@rm -f $(OBJ)
	@rm -fr ./objs

# Not a target:
objs/./lst/ft_lstlast.o:
#  Implicit rule search has not been done.
#  Modification time never checked.
#  File has not been updated.

# Not a target:
objs/./math/ft_swap.o:
#  Implicit rule search has not been done.
#  Modification time never checked.
#  File has not been updated.

# Not a target:
objs/./lst/ft_lstadd_back.o:
#  Implicit rule search has not been done.
#  Modification time never checked.
#  File has not been updated.

# Not a target:
objs/./str/ft_strrchr.o:
#  Implicit rule search has not been done.
#  Modification time never checked.
#  File has not been updated.

# Not a target:
objs/./lst/ft_lstdelone.o:
#  Implicit rule search has not been done.
#  Modification time never checked.
#  File has not been updated.

# Not a target:
objs/./math/ft_p_or_imp.o:
#  Implicit rule search has not been done.
#  Modification time never checked.
 
#  File has not been updated.

# Not a target:
objs/./is/ft_isalnum.o:
#  Implicit rule search has not been done.
#  Modification time never checked.
#  File has not been updated.

# Not a target:
objs/./str/ft_strjoin.o:
#  Implicit rule search has not been done.
#  Modification time never checked.
#  File has not been updated.

# Not a target:
objs/./mem_move/ft_memmove.o:
#  Implicit rule search has not been done.
#  Modification time never checked.
#  File has not been updated.

# Not a target:
objs/./lst/ft_lstmap.o:
#  Implicit rule search has not been done.
#  Modification time never checked.
#  File has not been updated.

re: fclean all
#  Phony target (prerequisite of .PHONY).
#  Implicit rule search has not been done.
#  File does not exist.
#  File has not been updated.

# Not a target:
objs/./is/ft_isalpha.o:
#  Implicit rule search has not been done.
#  Modification time never checked.
#  File has not been updated.

# Not a target:
objs/./str/ft_tolower.o:
#  Implicit rule search has not been done.
#  Modification time never checked.
#  File has not been updated.

# Not a target:
objs/./str/ft_strcat.o:
#  Implicit rule search has not been done.
#  Modification time never checked.
#  File has not been updated.

# Not a target:
.DEFAULT:
#  Implicit rule search has not been done.
#  Modification time never checked.
#  File has not been updated.

# Not a target:
objs/./is/ft_isprint.o:
#  Implicit rule search has not been done.
#  Modification time never checked.
#  File has not been updated.

all: libft.a
#  Phony target (prerequisite of .PHONY).
#  Command line target.
#  Implicit rule search has not been done.
#  File does not exist.
#  File has been updated.
#  Needs to be updated (-q is set).
# variable set hash-table stats:
# Load=0/32=0%, Rehash=0, Collisions=0/8=0%

fclean: clean
#  Phony target (prerequisite of .PHONY).
#  Implicit rule search has not been done.
#  File does not exist.
#  File has not been updated.
#  recipe to execute (from 'Makefile', line 92):
	@rm -f $(NAME)

# Not a target:
objs/./fd/ft_fd_len.o:
#  Implicit rule search has not been done.
#  Modification time never checked.
#  File has not been updated.

gitp:
#  Implicit rule search has not been done.
#  Modification time never checked.
#  File has not been updated.
#  recipe to execute (from 'Makefile', line 83):
	@(git add .)
	@(git commit -m "nadesjar42")
	@(git push)

# Not a target:
objs/./str/ft_strlcpy.o:
#  Implicit rule search has not been done.
#  Modification time never checked.
#  File has not been updated.

# Not a target:
objs/./math/ft_putnbr_fd.o:
#  Implicit rule search has not been done.
#  Modification time never checked.
#  File has not been updated.

# Not a target:
objs/./lst/ft_lstnew.o:
#  Implicit rule search has not been done.
#  Modification time never checked.
#  File has not been updated.

# Not a target:
objs/./str/ft_strtrim.o:
#  Implicit rule search has not been done.
#  Modification time never checked.
#  File has not been updated.

# Not a target:
objs/./lst/ft_lstadd_front.o:
#  Implicit rule search has not been done.
#  Modification time never checked.
#  File has not been updated.

# Not a target:
objs/./fd/ft_putstr_fd.o:
#  Implicit rule search has not been done.
#  Modification time never checked.
#  File has not been updated.

# Not a target:
objs/./lst/ft_lstiter.o:
#  Implicit rule search has not been done.
#  Modification time never checked.
#  File has not been updated.

# Not a target:
objs/./math/ft_ultimate_range.o:
#  Implicit rule search has not been done.
#  Modification time never checked.
#  File has not been updated.

# Not a target:
objs/./math/ft_range.o:
#  Implicit rule search has not been done.
#  Modification time never checked.
#  File has not been updated.

# Not a target:
objs/./is/ft_isdigit.o:
#  Implicit rule search has not been done.
#  Modification time never checked.
#  File has not been updated.

# Not a target:
objs/./is/ft_isascii.o:
#  Implicit rule search has not been done.
#  Modification time never checked.
#  File has not been updated.

# Not a target:
objs/./str/ft_strmapi.o:
#  Implicit rule search has not been done.
#  Modification time never checked.
#  File has not been updated.

# Not a target:
.SUFFIXES:
#  Implicit rule search has not been done.
#  Modification time never checked.
#  File has not been updated.

.PHONY: all clean fclean re
#  Implicit rule search has not been done.
#  Modification time never checked.
#  File has not been updated.

# Not a target:
objs/./str/ft_striteri.o:
#  Implicit rule search has not been done.
#  Modification time never checked.
#  File has not been updated.

# 'override' directive
msg_in: .SHELLSTATUS := 0
msg_in:
#  Implicit rule search has not been done.
#  Implicit/static pattern stem: ''
#  File does not exist.
#  File has been updated.
#  Needs to be updated (-q is set).
# automatic
# @ := msg_in
# automatic
# * := 
# automatic
# < := 
# automatic
# + := 
# automatic
# % := 
# automatic
# ^ := 
# automatic
# ? := 
# automatic
# | := 
# variable set hash-table stats:
# Load=9/32=28%, Rehash=0, Collisions=4/17=24%
#  recipe to execute (from 'Makefile', line 77):
	@echo $(LILAS)"LA LIBFT SE COMPILE COMME UNE GRANDE..."$(RESET)

# Not a target:
objs/./lst/ft_lstsize.o:
#  Implicit rule search has not been done.
#  Modification time never checked.
#  File has not been updated.

# Not a target:
objs/./atoitoa/ft_atoi.o:
#  Implicit rule search has not been done.
#  Modification time never checked.
#  File has not been updated.

# Not a target:
objs/./fd/ft_putchar_fd.o:
#  Implicit rule search has not been done.
#  Modification time never checked.
#  File has not been updated.

# Not a target:
objs/./math/ft_rev_int_tab.o:
#  Implicit rule search has not been done.
#  Modification time never checked.
#  File has not been updated.

# Not a target:
objs/./atoitoa/ft_atoi_base.o:
#  Implicit rule search has not been done.
#  Modification time never checked.
#  File has not been updated.

# files hash-table stats:
# Load=71/1024=7%, Rehash=0, Collisions=8/158=5%
# VPATH Search Paths

# No 'vpath' search paths.

# No general ('VPATH' variable) search path.

# strcache buffers: 1 (0) / strings = 90 / storage = 1698 B / avg = 18 B
# current buf: size = 8162 B / used = 1698 B / count = 90 / avg = 18 B

# strcache performance: lookups = 119 / hit rate = 24%
# hash-table stats:
 
# Load=90/8192=1%, Rehash=0, Collisions=2/119=2%
# Finished Make data base on Sat Aug 13 14:13:22 2022

 
